::1 - - [22/Aug/2025:16:26:35 +0000] "GET / HTTP/1.1" - -
::1 - - [22/Aug/2025:16:26:35 +0000] "GET /movie HTTP/1.1" - -
::1 - - [22/Aug/2025:16:26:40 +0000] "GET /movie/form HTTP/1.1" - -
::1 - - [22/Aug/2025:16:26:53 +0000] "POST /movie/save HTTP/1.1" - -
::1 - - [22/Aug/2025:16:26:53 +0000] "GET /movie HTTP/1.1" - -
::1 - - [22/Aug/2025:16:27:03 +0000] "GET /movie/form HTTP/1.1" - -
::1 - - [22/Aug/2025:16:27:12 +0000] "POST /movie/save HTTP/1.1" - -
::1 - - [22/Aug/2025:16:27:12 +0000] "GET /movie HTTP/1.1" - -
::1 - - [22/Aug/2025:16:27:19 +0000] "GET /movie/form/1 HTTP/1.1" - -
::1 - - [22/Aug/2025:16:27:23 +0000] "POST /movie/save HTTP/1.1" - -
::1 - - [22/Aug/2025:16:27:23 +0000] "GET /movie HTTP/1.1" - -
::1 - - [22/Aug/2025:16:27:27 +0000] "GET /movie/delete/1 HTTP/1.1" - -
::1 - - [22/Aug/2025:16:27:27 +0000] "GET /movie HTTP/1.1" - -
::1 - - [22/Aug/2025:16:27:30 +0000] "GET /movie/delete/3 HTTP/1.1" - -
::1 - - [22/Aug/2025:16:27:30 +0000] "GET /movie HTTP/1.1" - -
::1 - - [22/Aug/2025:16:27:32 +0000] "GET /movie/delete/4 HTTP/1.1" - -
::1 - - [22/Aug/2025:16:27:32 +0000] "GET /movie HTTP/1.1" - -
::1 - - [22/Aug/2025:16:27:33 +0000] "GET /movie/delete/5 HTTP/1.1" - -
::1 - - [22/Aug/2025:16:27:33 +0000] "GET /movie HTTP/1.1" - -
::1 - - [24/Aug/2025:19:10:37 +0000] "GET / HTTP/1.1" - -
::1 - - [24/Aug/2025:19:10:37 +0000] "GET /movie HTTP/1.1" - -
